<?xml version="1.0" encoding="UTF-8"?>
<!-- Generated by org.testng.reporters.JUnitXMLReporter -->
<testsuite ignored="3" hostname="HP" failures="0" tests="1" name="RegressionSuite" time="5.036" errors="0" timestamp="2024-12-17T17:16:32 IST">
  <testcase classname="productsTests.RemoveProductTest" name="tc_002_removeProductTest" time="0.019"/>
  <testcase classname="productsTests.AddProductToCartTest" name="tc_001_AddProductToCartTest" time="0.0">
    <ignored/>
  </testcase> <!-- tc_001_AddProductToCartTest -->
  <testcase classname="genericUtilities.BaseClass" name="@BeforeSuite bsConfig" time="0.0">
    <ignored/>
  </testcase> <!-- @BeforeSuite bsConfig -->
  <testcase classname="genericUtilities.BaseClass" name="@AfterSuite asConfig" time="0.0">
    <ignored/>
  </testcase> <!-- @AfterSuite asConfig -->
</testsuite> <!-- RegressionSuite -->
