<?xml version="1.0" encoding="UTF-8"?>
<!-- Generated by org.testng.reporters.JUnitXMLReporter -->
<testsuite ignored="2" hostname="HP" failures="0" tests="2" name="Test" time="13.418" errors="0" timestamp="2024-12-18T16:12:56 IST">
  <testcase classname="productsTests.AddProductToCartTest" name="tc_001_AddProductToCartTest" time="7.009"/>
  <testcase classname="productsTests.RemoveProductTest" name="tc_002_removeProductTest" time="0.002"/>
  <testcase classname="genericUtilities.BaseClass" name="@BeforeSuite bsConfig" time="0.0">
    <ignored/>
  </testcase> <!-- @BeforeSuite bsConfig -->
  <testcase classname="genericUtilities.BaseClass" name="@AfterSuite asConfig" time="0.0">
    <ignored/>
  </testcase> <!-- @AfterSuite asConfig -->
</testsuite> <!-- Test -->
